SF:lib/features/exam/data/models/number_list_model.dart
DA:6,3
DA:8,2
DA:9,6
DA:12,1
DA:13,2
DA:16,2
DA:17,4
LF:7
LH:7
end_of_record
SF:lib/features/exam/domain/entities/number_list.dart
DA:4,6
LF:1
LH:1
end_of_record
SF:lib/features/exam/data/datasources/exam_remote_datasource.dart
DA:13,1
DA:15,1
DA:17,3
DA:18,2
DA:21,1
DA:23,2
DA:24,1
LF:7
LH:7
end_of_record
SF:lib/features/exam/data/repositories/exam_repository_impl.dart
DA:8,1
DA:10,1
DA:12,2
DA:15,1
DA:17,2
LF:5
LH:5
end_of_record
SF:lib/core/network/api_client.dart
DA:8,1
DA:10,1
DA:11,7
DA:12,1
DA:15,1
DA:16,2
DA:17,5
DA:18,1
DA:19,1
DA:21,1
DA:24,1
DA:25,4
DA:26,2
DA:28,0
LF:14
LH:13
end_of_record
SF:lib/features/exam/domain/usecases/get_random_numbers_use_case.dart
DA:11,1
DA:13,1
DA:15,2
LF:3
LH:3
end_of_record
SF:lib/features/exam/domain/usecases/check_order_use_case.dart
DA:10,1
DA:12,1
DA:14,2
LF:3
LH:3
end_of_record
SF:lib/features/exam/presentation/cubit/exam_cubit.dart
DA:22,1
DA:25,2
DA:27,1
DA:28,2
DA:30,2
DA:31,3
DA:33,3
DA:37,1
DA:39,2
DA:40,2
DA:42,3
DA:46,1
DA:47,2
DA:48,1
DA:49,2
DA:50,1
DA:51,1
DA:53,1
DA:54,1
DA:55,2
LF:20
LH:20
end_of_record
SF:lib/features/exam/presentation/cubit/exam_state.dart
DA:4,1
DA:5,1
DA:16,2
DA:18,1
DA:19,3
DA:25,2
DA:27,1
DA:28,2
LF:8
LH:8
end_of_record
SF:lib/features/exam/presentation/pages/random_numbers_page.dart
DA:12,1
DA:14,1
DA:16,1
DA:17,1
DA:20,1
DA:22,1
DA:23,0
DA:24,0
DA:25,0
DA:26,0
DA:35,1
DA:36,1
DA:37,1
DA:39,1
DA:41,1
DA:42,1
DA:43,1
DA:44,1
DA:45,0
DA:47,0
DA:48,0
DA:50,1
DA:52,3
DA:53,1
DA:54,1
DA:55,2
DA:57,4
DA:62,1
DA:63,0
DA:65,0
DA:66,0
DA:70,1
DA:71,0
DA:72,0
DA:78,1
DA:80,3
LF:36
LH:24
end_of_record
SF:lib/features/exam/presentation/pages/home_page.dart
DA:7,1
DA:9,1
DA:10,1
DA:16,1
DA:18,1
DA:19,1
DA:22,1
DA:24,1
DA:25,1
DA:26,1
DA:27,1
DA:33,1
DA:34,1
DA:35,3
DA:36,1
DA:37,3
DA:38,1
DA:39,2
DA:41,0
LF:19
LH:18
end_of_record
